2021-04-20 12:55:58 [main] INFO  dm.api.ApiApplication - Starting ApiApplication using Java 15.0.1 on DESKTOP-JKIVC41 with PID 17768 (C:\Users\ideapad\Desktop\java\api\api\target\classes started by ideapad in C:\Users\ideapad\Desktop\java\api\api)
2021-04-20 12:55:58 [main] DEBUG dm.api.ApiApplication - Running with Spring Boot v2.4.2, Spring v5.3.3
2021-04-20 12:55:58 [main] INFO  dm.api.ApiApplication - No active profile set, falling back to default profiles: default
2021-04-20 12:56:01 [main] INFO  dm.api.ApiApplication - Started ApiApplication in 3.743 seconds (JVM running for 5.153)
2021-04-20 12:56:20 [http-nio-8080-exec-2] INFO  dm.api.controller.AddressController - Get all adres
2021-04-20 12:56:45 [http-nio-8080-exec-3] INFO  dm.api.controller.CustomerController - Get all klient
2021-04-20 12:56:56 [http-nio-8080-exec-6] INFO  dm.api.controller.CustomerController - Get all klient data
2021-04-20 12:57:13 [http-nio-8080-exec-5] INFO  dm.api.controller.EmployeeController - Get all pracownik
2021-04-20 12:57:18 [http-nio-8080-exec-7] INFO  dm.api.controller.EmployeeController - Get all pracownik data
2021-04-20 12:57:26 [http-nio-8080-exec-2] INFO  dm.api.controller.PersonController - Get all osoba
2021-04-20 13:31:19 [main] INFO  dm.api.ApiApplication - Starting ApiApplication using Java 15.0.1 on DESKTOP-JKIVC41 with PID 5240 (C:\Users\ideapad\Desktop\java\api\api\target\classes started by ideapad in C:\Users\ideapad\Desktop\java\api\api)
2021-04-20 13:31:19 [main] DEBUG dm.api.ApiApplication - Running with Spring Boot v2.4.2, Spring v5.3.3
2021-04-20 13:31:19 [main] INFO  dm.api.ApiApplication - No active profile set, falling back to default profiles: default
2021-04-20 13:31:22 [main] INFO  dm.api.ApiApplication - Started ApiApplication in 3.244 seconds (JVM running for 4.431)
2021-04-20 13:31:36 [http-nio-8080-exec-2] INFO  dm.api.controller.AddressController - Get all address
2021-04-20 13:31:47 [http-nio-8080-exec-6] INFO  dm.api.controller.CustomerController - Get all customer
2021-04-20 13:31:58 [http-nio-8080-exec-5] INFO  dm.api.controller.CustomerController - Get all customer data
2021-04-20 13:32:15 [http-nio-8080-exec-3] INFO  dm.api.controller.EmployeeController - Get all employee
2021-04-20 13:32:21 [http-nio-8080-exec-8] INFO  dm.api.controller.EmployeeController - Get all employee data
2021-04-20 13:32:42 [http-nio-8080-exec-2] INFO  dm.api.controller.PersonController - Get all person
2021-04-20 13:32:53 [http-nio-8080-exec-6] INFO  dm.api.controller.EmployeeController - Get all employee
2021-04-20 13:33:01 [http-nio-8080-exec-5] INFO  dm.api.controller.EmployeeController - Get all employee data
