2021-02-14 21:17:00 [http-nio-8080-exec-1] INFO  dm.api.controller.OsobaController - Get osoba on id 45
2021-02-14 21:17:04 [http-nio-8080-exec-2] INFO  dm.api.controller.KlientController - Get klient on id 45
2021-02-14 21:22:56 [http-nio-8080-exec-5] INFO  dm.api.controller.KlientController - Add klient
2021-02-14 21:23:17 [http-nio-8080-exec-6] INFO  dm.api.controller.KlientController - Get count klient entity
2021-02-15 13:45:32 [http-nio-8080-exec-1] INFO  d.api.controller.PracownikController - Get count pracownik entity
2021-02-15 13:47:19 [http-nio-8080-exec-1] INFO  d.api.controller.PracownikController - Get count pracownik entity
2021-02-15 13:47:35 [http-nio-8080-exec-1] INFO  d.api.controller.PracownikController - Get count pracownik entity
2021-02-15 13:48:01 [http-nio-8080-exec-2] INFO  d.api.controller.PracownikController - Get all pracownik
2021-02-15 13:48:20 [http-nio-8080-exec-4] INFO  d.api.controller.PracownikController - Get all pracownik
2021-02-15 13:50:42 [http-nio-8080-exec-1] INFO  d.api.controller.PracownikController - Get count pracownik entity
2021-02-15 13:50:44 [http-nio-8080-exec-2] INFO  d.api.controller.PracownikController - Get all pracownik
2021-02-15 13:52:39 [http-nio-8080-exec-1] INFO  d.api.controller.PracownikController - Get pracownik on id 20
2021-02-15 14:08:49 [http-nio-8080-exec-2] INFO  d.api.controller.PracownikController - Add klient
2021-02-15 14:08:49 [http-nio-8080-exec-2] INFO  d.api.controller.PracownikController - DtoAddPracownikRequest{pensja=2400.0, Rola='kucharz', osoba=DtoOsobaResponse{ imie='Herakliusz', nazwisko='m', pesel='41243883536', dataUrodzenia=Fri Jul 19 02:00:00 CEST 1946, email='760CB67@wp.au', telefon='(0)752137915', idAdresu=null}, adres=DtoAdresResponse{ miejscowosc='Toruń1', ulica='ul. Kosmonautó', nrDomu='73', kodPocztowy='87-127'}}
2021-02-15 14:10:20 [http-nio-8080-exec-1] INFO  d.api.controller.PracownikController - Get all pracownik
2021-02-15 14:10:33 [http-nio-8080-exec-2] INFO  d.api.controller.PracownikController - Add klient
2021-02-15 14:10:33 [http-nio-8080-exec-2] INFO  d.api.controller.PracownikController - DtoAddPracownikRequest{pensja=2400.0, Rola='kucharz', osoba=DtoOsobaResponse{ imie='Herakliusz', nazwisko='m', pesel='41243883536', dataUrodzenia=Fri Jul 19 02:00:00 CEST 1946, email='760CB67@wp.au', telefon='(0)752137915', idAdresu=null}, adres=DtoAdresResponse{ miejscowosc='Toruń1', ulica='ul. Kosmonautó', nrDomu='73', kodPocztowy='87-127'}}
2021-02-15 14:10:45 [http-nio-8080-exec-3] INFO  d.api.controller.PracownikController - Add klient
2021-02-15 14:10:45 [http-nio-8080-exec-3] INFO  d.api.controller.PracownikController - DtoAddPracownikRequest{pensja=2400.0, Rola='kucharz', osoba=DtoOsobaResponse{ imie='Herakliusz', nazwisko='m', pesel='41223343536', dataUrodzenia=Fri Jul 19 02:00:00 CEST 1946, email='760CB67@wp.au', telefon='(0)752137915', idAdresu=null}, adres=DtoAdresResponse{ miejscowosc='Toruń1', ulica='ul. Kosmonautó', nrDomu='73', kodPocztowy='87-127'}}
2021-02-15 14:11:32 [http-nio-8080-exec-4] INFO  d.api.controller.PracownikController - Add klient
2021-02-15 14:11:32 [http-nio-8080-exec-4] INFO  d.api.controller.PracownikController - DtoAddPracownikRequest{pensja=2400.0, Rola='kucharz', osoba=DtoOsobaResponse{ imie='Herakliusz', nazwisko='m', pesel='41223303536', dataUrodzenia=Fri Jul 19 02:00:00 CEST 1946, email='760CB67@wp.au', telefon='(0)752137915', idAdresu=null}, adres=DtoAdresResponse{ miejscowosc='Toruń1', ulica='ul. Kosmonautó', nrDomu='73', kodPocztowy='87-127'}}
2021-02-15 14:14:19 [http-nio-8080-exec-1] INFO  d.api.controller.PracownikController - Add klient
2021-02-15 14:14:19 [http-nio-8080-exec-1] INFO  d.api.controller.PracownikController - DtoAddPracownikRequest{pensja=2400.0, Rola='kucharz', osoba=DtoOsobaResponse{ imie='Herakliusz', nazwisko='m', pesel='61223303536', dataUrodzenia=Fri Jul 19 02:00:00 CEST 1946, email='760CB67@wp.au', telefon='(0)752137915', idAdresu=null}, adres=DtoAdresResponse{ miejscowosc='Toruń1', ulica='ul. Kosmonautó', nrDomu='73', kodPocztowy='87-127'}}
2021-02-15 14:16:11 [http-nio-8080-exec-1] INFO  d.api.controller.PracownikController - Add klient
2021-02-15 14:16:11 [http-nio-8080-exec-1] INFO  d.api.controller.PracownikController - DtoAddPracownikRequest{pensja=2400.0, Rola='kucharz', osoba=DtoOsobaResponse{ imie='Herakliusz', nazwisko='m', pesel='61223303536', dataUrodzenia=Fri Jul 19 02:00:00 CEST 1946, email='760CB67@wp.au', telefon='(0)752137915', idAdresu=null}, adres=DtoAdresResponse{ miejscowosc='Toruń1', ulica='ul. Kosmonautó', nrDomu='73', kodPocztowy='87-127'}}
2021-02-15 14:16:28 [http-nio-8080-exec-2] INFO  d.api.controller.PracownikController - Add klient
2021-02-15 14:16:28 [http-nio-8080-exec-2] INFO  d.api.controller.PracownikController - DtoAddPracownikRequest{pensja=2400.0, Rola='kucharz', osoba=DtoOsobaResponse{ imie='Herakliusz', nazwisko='m', pesel='61223303536', dataUrodzenia=Fri Jul 19 02:00:00 CEST 1946, email='760CB67@wp.au', telefon='(0)752137915', idAdresu=null}, adres=DtoAdresResponse{ miejscowosc='Toruń1', ulica='ul. Kosmonautó', nrDomu='73', kodPocztowy='87-127'}}
2021-02-15 14:18:14 [http-nio-8080-exec-3] INFO  d.api.controller.PracownikController - Add klient
2021-02-15 14:18:14 [http-nio-8080-exec-3] INFO  d.api.controller.PracownikController - DtoAddPracownikRequest{pensja=2400.0, Rola='null', osoba=DtoOsobaResponse{ imie='Herakliusz', nazwisko='m', pesel='61223303536', dataUrodzenia=Fri Jul 19 02:00:00 CEST 1946, email='760CB67@wp.au', telefon='(0)752137915', idAdresu=null}, adres=DtoAdresResponse{ miejscowosc='Toruń1', ulica='ul. Kosmonautó', nrDomu='73', kodPocztowy='87-127'}}
2021-02-15 14:18:26 [http-nio-8080-exec-1] INFO  d.api.controller.PracownikController - Add klient
2021-02-15 14:18:26 [http-nio-8080-exec-1] INFO  d.api.controller.PracownikController - DtoAddPracownikRequest{pensja=2400.0, Rola='null', osoba=DtoOsobaResponse{ imie='Herakliusz', nazwisko='m', pesel='61223303536', dataUrodzenia=Fri Jul 19 02:00:00 CEST 1946, email='760CB67@wp.au', telefon='(0)752137915', idAdresu=null}, adres=DtoAdresResponse{ miejscowosc='Toruń1', ulica='ul. Kosmonautó', nrDomu='73', kodPocztowy='87-127'}}
2021-02-15 14:18:34 [http-nio-8080-exec-2] INFO  d.api.controller.PracownikController - Add klient
2021-02-15 14:18:34 [http-nio-8080-exec-2] INFO  d.api.controller.PracownikController - DtoAddPracownikRequest{pensja=2400.0, Rola='kucharz', osoba=DtoOsobaResponse{ imie='Herakliusz', nazwisko='m', pesel='61223303536', dataUrodzenia=Fri Jul 19 02:00:00 CEST 1946, email='760CB67@wp.au', telefon='(0)752137915', idAdresu=null}, adres=DtoAdresResponse{ miejscowosc='Toruń1', ulica='ul. Kosmonautó', nrDomu='73', kodPocztowy='87-127'}}
2021-02-15 14:22:45 [http-nio-8080-exec-1] INFO  d.api.controller.PracownikController - Add klient
2021-02-15 14:22:45 [http-nio-8080-exec-1] INFO  d.api.controller.PracownikController - DtoAddPracownikRequest{pensja=2400.0, Rola='kucharz', osoba=DtoOsobaResponse{ imie='Herakliusz', nazwisko='m', pesel='61223303536', dataUrodzenia=Fri Jul 19 02:00:00 CEST 1946, email='760CB67@wp.au', telefon='(0)752137915', idAdresu=null}, adres=DtoAdresResponse{ miejscowosc='Toruń1', ulica='ul. Kosmonautó', nrDomu='73', kodPocztowy='87-127'}}
2021-02-15 14:22:48 [http-nio-8080-exec-3] INFO  d.api.controller.PracownikController - Add klient
2021-02-15 14:22:48 [http-nio-8080-exec-3] INFO  d.api.controller.PracownikController - DtoAddPracownikRequest{pensja=2400.0, Rola='kucharz', osoba=DtoOsobaResponse{ imie='Herakliusz', nazwisko='m', pesel='61223303536', dataUrodzenia=Fri Jul 19 02:00:00 CEST 1946, email='760CB67@wp.au', telefon='(0)752137915', idAdresu=null}, adres=DtoAdresResponse{ miejscowosc='Toruń1', ulica='ul. Kosmonautó', nrDomu='73', kodPocztowy='87-127'}}
2021-02-15 14:22:54 [http-nio-8080-exec-4] INFO  d.api.controller.PracownikController - Add klient
2021-02-15 14:22:54 [http-nio-8080-exec-4] INFO  d.api.controller.PracownikController - DtoAddPracownikRequest{pensja=2400.0, Rola='kucharz', osoba=DtoOsobaResponse{ imie='Herakliusz', nazwisko='m', pesel='61223303536', dataUrodzenia=Fri Jul 19 02:00:00 CEST 1946, email='760CB67@wp.au', telefon='(0)752137915', idAdresu=null}, adres=DtoAdresResponse{ miejscowosc='Toruń1', ulica='ul. Kosmonautó', nrDomu='73', kodPocztowy='87-127'}}
2021-02-15 14:23:07 [http-nio-8080-exec-6] INFO  d.api.controller.PracownikController - Add klient
2021-02-15 14:23:07 [http-nio-8080-exec-6] INFO  d.api.controller.PracownikController - DtoAddPracownikRequest{pensja=2400.0, Rola='sprzedawca', osoba=DtoOsobaResponse{ imie='Herakliusz', nazwisko='m', pesel='61223303536', dataUrodzenia=Fri Jul 19 02:00:00 CEST 1946, email='760CB67@wp.au', telefon='(0)752137915', idAdresu=null}, adres=DtoAdresResponse{ miejscowosc='Toruń1', ulica='ul. Kosmonautó', nrDomu='73', kodPocztowy='87-127'}}
2021-02-15 14:24:56 [http-nio-8080-exec-1] INFO  d.api.controller.PracownikController - Add klient
2021-02-15 14:24:56 [http-nio-8080-exec-1] INFO  d.api.controller.PracownikController - DtoAddPracownikRequest{pensja=2400.0, Rola='sprzedawca', osoba=DtoOsobaResponse{ imie='Herakliusz', nazwisko='m', pesel='61223303536', dataUrodzenia=Fri Jul 19 02:00:00 CEST 1946, email='760CB67@wp.au', telefon='(0)752137915', idAdresu=null}, adres=DtoAdresResponse{ miejscowosc='Toruń1', ulica='ul. Kosmonautó', nrDomu='73', kodPocztowy='87-127'}}
2021-02-15 14:25:27 [http-nio-8080-exec-2] INFO  d.api.controller.PracownikController - Add klient
2021-02-15 14:25:27 [http-nio-8080-exec-2] INFO  d.api.controller.PracownikController - DtoAddPracownikRequest{pensja=2400.0, Rola='sprzedawca', osoba=DtoOsobaResponse{ imie='Heraiusz', nazwisko='m2', pesel='61223303536', dataUrodzenia=Fri Jul 19 02:00:00 CEST 1946, email='760CB67@wp.au', telefon='(0)752137915', idAdresu=null}, adres=DtoAdresResponse{ miejscowosc='Toruń1', ulica='ul. Kosmonautó', nrDomu='73', kodPocztowy='87-127'}}
2021-02-15 14:25:33 [http-nio-8080-exec-3] INFO  dm.api.controller.OsobaController - Get all osoba
2021-02-15 14:25:46 [http-nio-8080-exec-5] INFO  d.api.controller.PracownikController - Add klient
2021-02-15 14:25:46 [http-nio-8080-exec-5] INFO  d.api.controller.PracownikController - DtoAddPracownikRequest{pensja=2400.0, Rola='sprzedawca', osoba=DtoOsobaResponse{ imie='Heraiusz', nazwisko='m2', pesel='95042583646', dataUrodzenia=Fri Jul 19 02:00:00 CEST 1946, email='760CB67@wp.au', telefon='(0)752137915', idAdresu=null}, adres=DtoAdresResponse{ miejscowosc='Toruń1', ulica='ul. Kosmonautó', nrDomu='73', kodPocztowy='87-127'}}
2021-02-15 14:33:52 [http-nio-8080-exec-2] INFO  d.api.controller.PracownikController - Add klient
2021-02-15 14:33:52 [http-nio-8080-exec-2] INFO  d.api.controller.PracownikController - DtoAddPracownikRequest{pensja=2400.0, Rola='sprzedawca', osoba=DtoOsobaResponse{ imie='Heraiusz', nazwisko='m2', pesel='98042583646', dataUrodzenia=Fri Jul 19 02:00:00 CEST 1946, email='760CB67@wp.au', telefon='(0)752137915', idAdresu=null}, adres=DtoAdresResponse{ miejscowosc='Toruń1', ulica='ul. Kosmonautó', nrDomu='73', kodPocztowy='87-127'}}
